
--- Module:   C:\qp\qpn\source\qepn.c (C)

--- Module:   C:\qp\qpn\source\qfn.c (C)

--- Module:   C:\qp\qpn\source\qkn.c (C)

/// Start of Pass 2 ///

--- Module:   C:\qp\qpn\source\qepn.c (C)

--- Module:   C:\qp\qpn\source\qfn.c (C)

--- Module:   C:\qp\qpn\source\qkn.c (C)

--- Global Wrap-up

"C:\qp\qpn\ports\lint\stdint.h" 29 1 Info 756: global typedef 'uint16_t' (line 29, file C:\qp\qpn\ports\lint\stdint.h) not referenced
"C:\qp\qpn\ports\lint\stdint.h" 30 1 Info 756: global typedef 'uint32_t' (line 30, file C:\qp\qpn\ports\lint\stdint.h) not referenced
"C:\qp\qpn\ports\lint\stdint.h" 31 1 Info 756: global typedef 'uint64_t' (line 31, file C:\qp\qpn\ports\lint\stdint.h) not referenced
"C:\qp\qpn\ports\lint\stdint.h" 39 1 Info 756: global typedef 'uint_fast32_t' (line 39, file C:\qp\qpn\ports\lint\stdint.h) not referenced
"C:\qp\qpn\ports\lint\stdint.h" 26 1 Info 756: global typedef 'int64_t' (line 26, file C:\qp\qpn\ports\lint\stdint.h) not referenced
"C:\qp\qpn\source\qfn.c" 122 1 Info 759: header declaration for symbol 'QMActive_ctor(QMActive *, QStateHandler)' defined at (line 122, file C:\qp\qpn\source\qfn.c) could be moved from header to module
"C:\qp\qpn\source\qfn.c" 122 1 Info 765: external 'QMActive_ctor(QMActive *, QStateHandler)' (line 122, file C:\qp\qpn\source\qfn.c) could be made static [MISRA 2004 Rule 8.10, required]
"C:\qp\qpn\source\qfn.c" 122 1 Info 714: Symbol 'QMActive_ctor(QMActive *, QStateHandler)' (line 122, file C:\qp\qpn\source\qfn.c) not referenced
"C:\qp\qpn\include\qepn.h" 90 1 Info 756: global typedef 'float32_t' (line 90, file C:\qp\qpn\include\qepn.h) not referenced
"C:\qp\qpn\include\qepn.h" 97 1 Info 756: global typedef 'float64_t' (line 97, file C:\qp\qpn\include\qepn.h) not referenced
"C:\qp\qpn\ports\lint\stdint.h" 23 1 Info 756: global typedef 'int8_t' (line 23, file C:\qp\qpn\ports\lint\stdint.h) not referenced
"C:\qp\qpn\include\qkn.h" 60 1 Warning 526: Symbol 'QK_init(void)' (line 60, file C:\qp\qpn\include\qkn.h, module C:\qp\qpn\source\qepn.c) not defined
 Note 960: Violates MISRA 2004 Required Rule 8.9, undefined symbol: 'QK_init' 
"C:\qp\qpn\source\qkn.c" 56 1 Info 759: header declaration for symbol 'QK_intNest_' defined at (line 56, file C:\qp\qpn\source\qkn.c) could be moved from header to module
"C:\qp\qpn\source\qkn.c" 56 1 Info 765: external 'QK_intNest_' (line 56, file C:\qp\qpn\source\qkn.c) could be made static [MISRA 2004 Rule 8.10, required]
"C:\qp\qpn\source\qkn.c" 56 1 Info 714: Symbol 'QK_intNest_' (line 56, file C:\qp\qpn\source\qkn.c) not referenced
"C:\qp\qpn\include\qfn.h" 426 1 Warning 526: Symbol 'QF_onStartup(void)' (line 426, file C:\qp\qpn\include\qfn.h, module C:\qp\qpn\source\qepn.c) not defined
 Note 960: Violates MISRA 2004 Required Rule 8.9, undefined symbol: 'QF_onStartup' 
"C:\qp\qpn\source\qepn.c" 47 1 Info 759: header declaration for symbol 'QP_versionStr' defined at (line 47, file C:\qp\qpn\source\qepn.c) could be moved from header to module
"C:\qp\qpn\source\qepn.c" 47 1 Info 765: external 'QP_versionStr' (line 47, file C:\qp\qpn\source\qepn.c) could be made static [MISRA 2004 Rule 8.10, required]
"C:\qp\qpn\source\qepn.c" 47 1 Info 714: Symbol 'QP_versionStr' (line 47, file C:\qp\qpn\source\qepn.c) not referenced
"C:\qp\qpn\include\qfn.h" 452 1 Warning 526: Symbol 'QF_active' (line 452, file C:\qp\qpn\include\qfn.h, module C:\qp\qpn\source\qepn.c) not defined
"C:\qp\qpn\source\qkn.c" 123 1 Info 759: header declaration for symbol 'QF_run(void)' defined at (line 123, file C:\qp\qpn\source\qkn.c) could be moved from header to module
"C:\qp\qpn\source\qkn.c" 123 1 Info 765: external 'QF_run(void)' (line 123, file C:\qp\qpn\source\qkn.c) could be made static [MISRA 2004 Rule 8.10, required]
"C:\qp\qpn\source\qkn.c" 123 1 Info 714: Symbol 'QF_run(void)' (line 123, file C:\qp\qpn\source\qkn.c) not referenced
"C:\qp\qpn\source\qfn.c" 57 1 Info 729: Symbol 'QF_readySet_' (line 57, file C:\qp\qpn\source\qfn.c) not explicitly initialized
"C:\qp\qpn\source\qfn.c" 420 1 Info 759: header declaration for symbol 'QActive_armX(QMActive *, uint_fast8_t, QTimeEvtCtr, QTimeEvtCtr)' defined at (line 420, file C:\qp\qpn\source\qfn.c) could be moved from header to module
"C:\qp\qpn\source\qfn.c" 420 1 Info 765: external 'QActive_armX(QMActive *, uint_fast8_t, QTimeEvtCtr, QTimeEvtCtr)' (line 420, file C:\qp\qpn\source\qfn.c) could be made static [MISRA 2004 Rule 8.10, required]
"C:\qp\qpn\source\qfn.c" 420 1 Info 714: Symbol 'QActive_armX(QMActive *, uint_fast8_t, QTimeEvtCtr, QTimeEvtCtr)' (line 420, file C:\qp\qpn\source\qfn.c) not referenced
"C:\qp\qpn\source\qfn.c" 139 1 Info 759: header declaration for symbol 'QActive_ctor(QActive *, QStateHandler)' defined at (line 139, file C:\qp\qpn\source\qfn.c) could be moved from header to module
"C:\qp\qpn\source\qfn.c" 139 1 Info 765: external 'QActive_ctor(QActive *, QStateHandler)' (line 139, file C:\qp\qpn\source\qfn.c) could be made static [MISRA 2004 Rule 8.10, required]
"C:\qp\qpn\source\qfn.c" 139 1 Info 714: Symbol 'QActive_ctor(QActive *, QStateHandler)' (line 139, file C:\qp\qpn\source\qfn.c) not referenced
"C:\qp\qpn\source\qfn.c" 271 1 Info 759: header declaration for symbol 'QActive_postXISR_(QMActive *, uint_fast8_t, enum_t, QParam)' defined at (line 271, file C:\qp\qpn\source\qfn.c) could be moved from header to module
"C:\qp\qpn\source\qfn.c" 271 1 Info 765: external 'QActive_postXISR_(QMActive *, uint_fast8_t, enum_t, QParam)' (line 271, file C:\qp\qpn\source\qfn.c) could be made static [MISRA 2004 Rule 8.10, required]
"C:\qp\qpn\source\qfn.c" 452 1 Info 759: header declaration for symbol 'QActive_disarmX(QMActive *, uint_fast8_t)' defined at (line 452, file C:\qp\qpn\source\qfn.c) could be moved from header to module
"C:\qp\qpn\source\qfn.c" 452 1 Info 765: external 'QActive_disarmX(QMActive *, uint_fast8_t)' (line 452, file C:\qp\qpn\source\qfn.c) could be made static [MISRA 2004 Rule 8.10, required]
"C:\qp\qpn\source\qfn.c" 452 1 Info 714: Symbol 'QActive_disarmX(QMActive *, uint_fast8_t)' (line 452, file C:\qp\qpn\source\qfn.c) not referenced
"C:\qp\qpn\source\qfn.c" 189 1 Info 759: header declaration for symbol 'QActive_postX_(QMActive *, uint_fast8_t, enum_t, QParam)' defined at (line 189, file C:\qp\qpn\source\qfn.c) could be moved from header to module
"C:\qp\qpn\source\qfn.c" 189 1 Info 765: external 'QActive_postX_(QMActive *, uint_fast8_t, enum_t, QParam)' (line 189, file C:\qp\qpn\source\qfn.c) could be made static [MISRA 2004 Rule 8.10, required]
"C:\qp\qpn\include\qfn.h" 415 1 Info 757: global declarator 'QF_stop(void)' (line 415, file C:\qp\qpn\include\qfn.h) not referenced
 Note 960: Violates MISRA 2004 Required Rule 8.9, undefined symbol: 'QF_stop' 
"C:\qp\qpn\source\qepn.c" 756 1 Info 759: header declaration for symbol 'QHsm_childState(QHsm *, QStateHandler)' defined at (line 756, file C:\qp\qpn\source\qepn.c) could be moved from header to module
"C:\qp\qpn\source\qepn.c" 756 1 Info 765: external 'QHsm_childState(QHsm *, QStateHandler)' (line 756, file C:\qp\qpn\source\qepn.c) could be made static [MISRA 2004 Rule 8.10, required]
"C:\qp\qpn\source\qepn.c" 756 1 Info 714: Symbol 'QHsm_childState(QHsm *, QStateHandler)' (line 756, file C:\qp\qpn\source\qepn.c) not referenced
"C:\qp\qpn\source\qepn.c" 427 1 Info 759: header declaration for symbol 'QHsm_top(const void *)' defined at (line 427, file C:\qp\qpn\source\qepn.c) could be moved from header to module
"C:\qp\qpn\source\qepn.c" 427 1 Info 765: external 'QHsm_top(const void *)' (line 427, file C:\qp\qpn\source\qepn.c) could be made static [MISRA 2004 Rule 8.10, required]
"C:\qp\qpn\source\qfn.c" 356 1 Info 759: header declaration for symbol 'QF_tickXISR(uint_fast8_t)' defined at (line 356, file C:\qp\qpn\source\qfn.c) could be moved from header to module
"C:\qp\qpn\source\qfn.c" 356 1 Info 765: external 'QF_tickXISR(uint_fast8_t)' (line 356, file C:\qp\qpn\source\qfn.c) could be made static [MISRA 2004 Rule 8.10, required]
"C:\qp\qpn\source\qfn.c" 356 1 Info 714: Symbol 'QF_tickXISR(uint_fast8_t)' (line 356, file C:\qp\qpn\source\qfn.c) not referenced
"C:\qp\qpn\source\qfn.c" 77 1 Info 759: header declaration for symbol 'QF_timerSetX_' defined at (line 77, file C:\qp\qpn\source\qfn.c) could be moved from header to module
"C:\qp\qpn\source\qfn.c" 77 1 Info 765: external 'QF_timerSetX_' (line 77, file C:\qp\qpn\source\qfn.c) could be made static [MISRA 2004 Rule 8.10, required]
"C:\qp\qpn\source\qfn.c" 77 1 Info 729: Symbol 'QF_timerSetX_' (line 77, file C:\qp\qpn\source\qfn.c) not explicitly initialized
"C:\qp\qpn\source\qfn.c" 77 1 Warning 552: Symbol 'QF_timerSetX_' (line 77, file C:\qp\qpn\source\qfn.c) not accessed
"C:\qp\qpn\include\qkn.h" 111 1 Warning 526: Symbol 'QK_onIdle(void)' (line 111, file C:\qp\qpn\include\qkn.h, module C:\qp\qpn\source\qepn.c) not defined
 Note 960: Violates MISRA 2004 Required Rule 8.9, undefined symbol: 'QK_onIdle' 
"C:\qp\qpn\ports\lint\qkn\qfn_port.h" 146 1 Warning 526: Symbol 'int_disable(void)' (line 146, file C:\qp\qpn\ports\lint\qkn\qfn_port.h, module C:\qp\qpn\source\qepn.c) not defined
 Note 960: Violates MISRA 2004 Required Rule 8.9, undefined symbol: 'int_disable' 
"C:\qp\qpn\ports\lint\qkn\qfn_port.h" 147 1 Warning 526: Symbol 'int_enable(void)' (line 147, file C:\qp\qpn\ports\lint\qkn\qfn_port.h, module C:\qp\qpn\source\qepn.c) not defined
 Note 960: Violates MISRA 2004 Required Rule 8.9, undefined symbol: 'int_enable' 
"C:\qp\qpn\ports\lint\stdint.h" 36 1 Info 756: global typedef 'int_fast16_t' (line 36, file C:\qp\qpn\ports\lint\stdint.h) not referenced
"C:\qp\qpn\ports\lint\stdint.h" 38 1 Info 756: global typedef 'int_fast32_t' (line 38, file C:\qp\qpn\ports\lint\stdint.h) not referenced
"C:\qp\qpn\ports\lint\stdint.h" 24 1 Info 756: global typedef 'int16_t' (line 24, file C:\qp\qpn\ports\lint\stdint.h) not referenced
"C:\qp\qpn\include\qassert.h" 223 1 Warning 526: Symbol 'Q_onAssert(const char_t *, int_t)' (line 223, file C:\qp\qpn\include\qassert.h, module C:\qp\qpn\source\qepn.c) not defined
 Note 960: Violates MISRA 2004 Required Rule 8.9, undefined symbol: 'Q_onAssert' 
"C:\qp\qpn\ports\lint\stdint.h" 25 1 Info 756: global typedef 'int32_t' (line 25, file C:\qp\qpn\ports\lint\stdint.h) not referenced
"C:\qp\qpn\source\qkn.c" 53 1 Info 759: header declaration for symbol 'QK_currPrio_' defined at (line 53, file C:\qp\qpn\source\qkn.c) could be moved from header to module
"C:\qp\qpn\source\qkn.c" 53 1 Info 765: external 'QK_currPrio_' (line 53, file C:\qp\qpn\source\qkn.c) could be made static [MISRA 2004 Rule 8.10, required]
"C:\qp\qpn\source\qepn.c" 329 1 Info 759: header declaration for symbol 'QMsm_childStateObj(const QMsm *, const struct QMState *)' defined at (line 329, file C:\qp\qpn\source\qepn.c) could be moved from header to module
"C:\qp\qpn\source\qepn.c" 329 1 Info 765: external 'QMsm_childStateObj(const QMsm *, const struct QMState *)' (line 329, file C:\qp\qpn\source\qepn.c) could be made static [MISRA 2004 Rule 8.10, required]
"C:\qp\qpn\source\qepn.c" 329 1 Info 714: Symbol 'QMsm_childStateObj(const QMsm *, const struct QMState *)' (line 329, file C:\qp\qpn\source\qepn.c) not referenced
"C:\qp\qpn\include\qfn.h" 405 1 Info 757: global declarator 'QF_init(void)' (line 405, file C:\qp\qpn\include\qfn.h) not referenced
 Note 960: Violates MISRA 2004 Required Rule 8.9, undefined symbol: 'QF_init' 
"C:\qp\qpn\include\qepn.h" 389 1 Info 755: global macro 'Q_MSM_UPCAST' (line 389, file C:\qp\qpn\include\qepn.h) not referenced
"C:\qp\qpn\include\qepn.h" 458 1 Info 755: global macro 'QM_SUPER' (line 458, file C:\qp\qpn\include\qepn.h) not referenced
"C:\qp\qpn\include\qepn.h" 427 1 Info 755: global macro 'QM_TRAN' (line 427, file C:\qp\qpn\include\qepn.h) not referenced
"C:\qp\qpn\include\qepn.h" 434 1 Info 755: global macro 'QM_TRAN_INIT' (line 434, file C:\qp\qpn\include\qepn.h) not referenced
"C:\qp\qpn\include\qepn.h" 442 1 Info 755: global macro 'QM_TRAN_HIST' (line 442, file C:\qp\qpn\include\qepn.h) not referenced
"C:\qp\qpn\include\qepn.h" 65 1 Info 755: global macro 'QP_RELEASE' (line 65, file C:\qp\qpn\include\qepn.h) not referenced
"C:\qp\qpn\include\qepn.h" 415 1 Info 755: global macro 'QM_ENTRY' (line 415, file C:\qp\qpn\include\qepn.h) not referenced
"C:\qp\qpn\include\qepn.h" 420 1 Info 755: global macro 'QM_EXIT' (line 420, file C:\qp\qpn\include\qepn.h) not referenced
"C:\qp\qpn\include\qepn.h" 453 1 Info 755: global macro 'QM_UNHANDLED' (line 453, file C:\qp\qpn\include\qepn.h) not referenced
"C:\qp\qpn\include\qepn.h" 494 1 Info 755: global macro 'Q_UNHANDLED' (line 494, file C:\qp\qpn\include\qepn.h) not referenced
"C:\qp\qpn\include\qassert.h" 256 1 Info 755: global macro 'Q_ENSURE' (line 256, file C:\qp\qpn\include\qassert.h) not referenced
"C:\qp\qpn\ports\lint\qkn\qfn_port.h" 127 1 Info 755: global macro 'QK_ISR_ENTRY' (line 127, file C:\qp\qpn\ports\lint\qkn\qfn_port.h) not referenced
"C:\qp\qpn\ports\lint\qkn\qfn_port.h" 130 1 Info 755: global macro 'QK_ISR_EXIT' (line 130, file C:\qp\qpn\ports\lint\qkn\qfn_port.h) not referenced
"C:\qp\qpn\include\qassert.h" 112 1 Info 755: global macro 'Q_ASSERT' (line 112, file C:\qp\qpn\include\qassert.h) not referenced
"C:\qp\qpn\include\qassert.h" 301 1 Info 755: global macro 'Q_ASSERT_COMPILE' (line 301, file C:\qp\qpn\include\qassert.h) not referenced
"C:\qp\qpn\include\qepn.h" 447 1 Info 755: global macro 'QM_HANDLED' (line 447, file C:\qp\qpn\include\qepn.h) not referenced
"C:\qp\qpn\include\qepn.h" 59 1 Info 755: global macro 'QP_VERSION' (line 59, file C:\qp\qpn\include\qepn.h) not referenced
"C:\qp\qpn\include\qepn.h" 465 1 Info 755: global macro 'Q_TRAN' (line 465, file C:\qp\qpn\include\qepn.h) not referenced
"C:\qp\qpn\include\qepn.h" 474 1 Info 755: global macro 'Q_TRAN_HIST' (line 474, file C:\qp\qpn\include\qepn.h) not referenced
"C:\qp\qpn\include\qepn.h" 588 1 Info 755: global macro 'QP_getVersion' (line 588, file C:\qp\qpn\include\qepn.h) not referenced
"C:\qp\qpn\include\qassert.h" 171 1 Info 755: global macro 'Q_ERROR' (line 171, file C:\qp\qpn\include\qassert.h) not referenced
"C:\qp\qpn\include\qassert.h" 277 1 Info 755: global macro 'Q_INVARIANT' (line 277, file C:\qp\qpn\include\qassert.h) not referenced
"C:\qp\qpn\include\qassert.h" 288 1 Info 755: global macro 'Q_INVARIANT_ID' (line 288, file C:\qp\qpn\include\qassert.h) not referenced
"C:\qp\qpn\include\qassert.h" 237 1 Info 755: global macro 'Q_REQUIRE' (line 237, file C:\qp\qpn\include\qassert.h) not referenced
"C:\qp\qpn\include\qepn.h" 483 1 Info 755: global macro 'Q_SUPER' (line 483, file C:\qp\qpn\include\qepn.h) not referenced
"C:\qp\qpn\include\qepn.h" 333 1 Info 755: global macro 'QHsm_state' (line 333, file C:\qp\qpn\include\qepn.h) not referenced
"C:\qp\qpn\include\qfn.h" 264 1 Info 755: global macro 'QACTIVE_POST' (line 264, file C:\qp\qpn\include\qfn.h) not referenced
"C:\qp\qpn\include\qfn.h" 290 1 Info 755: global macro 'QACTIVE_POST_X' (line 290, file C:\qp\qpn\include\qfn.h) not referenced
"C:\qp\qpn\include\qfn.h" 338 1 Info 755: global macro 'QACTIVE_POST_X_ISR' (line 338, file C:\qp\qpn\include\qfn.h) not referenced
"C:\qp\qpn\include\qassert.h" 80 1 Info 755: global macro 'Q_DEFINE_THIS_FILE' (line 80, file C:\qp\qpn\include\qassert.h) not referenced
"C:\qp\qpn\include\qepn.h" 488 1 Info 755: global macro 'Q_HANDLED' (line 488, file C:\qp\qpn\include\qepn.h) not referenced
"C:\qp\qpn\include\qassert.h" 146 1 Info 755: global macro 'Q_ALLEGE' (line 146, file C:\qp\qpn\include\qassert.h) not referenced
"C:\qp\qpn\include\qassert.h" 161 1 Info 755: global macro 'Q_ALLEGE_ID' (line 161, file C:\qp\qpn\include\qassert.h) not referenced
"C:\qp\qpn\include\qkn.h" 94 1 Info 755: global macro 'QK_SCHEDULE_' (line 94, file C:\qp\qpn\include\qkn.h) not referenced
"C:\qp\qpn\include\qepn.h" 282 1 Info 755: global macro 'QMsm_stateObj' (line 282, file C:\qp\qpn\include\qepn.h) not referenced
"C:\qp\qpn\include\qepn.h" 517 1 Info 755: global macro 'Q_UINT2PTR_CAST' (line 517, file C:\qp\qpn\include\qepn.h) not referenced
"C:\qp\qpn\ports\lint\stdbool.h" 22 1 Info 755: global macro '__bool_true_false_are_defined' (line 22, file C:\qp\qpn\ports\lint\stdbool.h) not referenced
"C:\qp\qpn\include\qepn.h" 189 1 Info 768: global struct member 'QMAttr::act' (line 189, file C:\qp\qpn\include\qepn.h) not referenced
"C:\qp\qpn\include\qepn.h" 356 1 Info 769: global enumeration constant 'Q_RET_SUPER_SUB' (line 356, file C:\qp\qpn\include\qepn.h) not referenced
"C:\qp\qpn\include\qepn.h" 364 1 Info 769: global enumeration constant 'Q_RET_ENTRY' (line 364, file C:\qp\qpn\include\qepn.h) not referenced
"C:\qp\qpn\include\qepn.h" 503 1 Info 769: global enumeration constant 'Q_TIMEOUT1_SIG' (line 503, file C:\qp\qpn\include\qepn.h) not referenced
"C:\qp\qpn\include\qepn.h" 504 1 Info 769: global enumeration constant 'Q_TIMEOUT2_SIG' (line 504, file C:\qp\qpn\include\qepn.h) not referenced
"C:\qp\qpn\include\qepn.h" 505 1 Info 769: global enumeration constant 'Q_TIMEOUT3_SIG' (line 505, file C:\qp\qpn\include\qepn.h) not referenced
"C:\qp\qpn\include\qepn.h" 506 1 Info 769: global enumeration constant 'Q_USER_SIG' (line 506, file C:\qp\qpn\include\qepn.h) not referenced
"C:\qp\qpn\include\qfn.h" 161 1 Info 768: global struct member 'QMActiveVtbl::post' (line 161, file C:\qp\qpn\include\qfn.h) not referenced

Count   Type    Number  Text

7       Warning 526     Symbol '___' (___) not defined
1       Warning 552     Symbol '___' (___) not accessed
10      Info    714     Symbol '___' (___) not referenced
2       Info    729     Symbol '___' (___) not explicitly initialized
37      Info    755     global macro '___' (___) not referenced
12      Info    756     global typedef '___' (___) not referenced
2       Info    757     global declarator '___' (___) not referenced
15      Info    759     header declaration for symbol '___' defined at (___) could be moved from header to module
15      Info    765     external '___' (___) could be made static
2       Info    768     global struct member '___' (___) not referenced
6       Info    769     global enumeration constant '___' (___) not referenced
8       Note    960     Violates MISRA 2004 Required Rule ___, ___
