
--- Module:   C:\qp\qpn\source\qvn.c (C)

/// Start of Pass 2 ///

--- Module:   C:\qp\qpn\source\qvn.c (C)

--- Global Wrap-up

"C:\qp\qpn\ports\lint\stdint.h" 29 1 Info 756: global typedef 'uint16_t' (line 29, file C:\qp\qpn\ports\lint\stdint.h) not referenced
"C:\qp\qpn\ports\lint\stdint.h" 30 1 Info 756: global typedef 'uint32_t' (line 30, file C:\qp\qpn\ports\lint\stdint.h) not referenced
"C:\qp\qpn\ports\lint\stdint.h" 31 1 Info 756: global typedef 'uint64_t' (line 31, file C:\qp\qpn\ports\lint\stdint.h) not referenced
"C:\qp\qpn\ports\lint\stdint.h" 39 1 Info 756: global typedef 'uint_fast32_t' (line 39, file C:\qp\qpn\ports\lint\stdint.h) not referenced
"C:\qp\qpn\ports\lint\stdint.h" 26 1 Info 756: global typedef 'int64_t' (line 26, file C:\qp\qpn\ports\lint\stdint.h) not referenced
"C:\qp\qpn\include\qfn.h" 464 1 Warning 526: Symbol 'QF_log2Lkup' (line 464, file C:\qp\qpn\include\qfn.h) not defined
"C:\qp\qpn\include\qfn.h" 189 1 Info 757: global declarator 'QMActive_ctor(QMActive *, QStateHandler)' (line 189, file C:\qp\qpn\include\qfn.h) not referenced
 Note 960: Violates MISRA 2004 Required Rule 8.9, undefined symbol: 'QMActive_ctor' 
"C:\qp\qpn\include\qepn.h" 90 1 Info 756: global typedef 'float32_t' (line 90, file C:\qp\qpn\include\qepn.h) not referenced
"C:\qp\qpn\include\qepn.h" 97 1 Info 756: global typedef 'float64_t' (line 97, file C:\qp\qpn\include\qepn.h) not referenced
"C:\qp\qpn\ports\lint\stdint.h" 23 1 Info 756: global typedef 'int8_t' (line 23, file C:\qp\qpn\ports\lint\stdint.h) not referenced
"C:\qp\qpn\include\qfn.h" 426 1 Warning 526: Symbol 'QF_onStartup(void)' (line 426, file C:\qp\qpn\include\qfn.h) not defined
 Note 960: Violates MISRA 2004 Required Rule 8.9, undefined symbol: 'QF_onStartup' 
"C:\qp\qpn\include\qvn.h" 70 1 Warning 526: Symbol 'QV_onIdle(void)' (line 70, file C:\qp\qpn\include\qvn.h) not defined
 Note 960: Violates MISRA 2004 Required Rule 8.9, undefined symbol: 'QV_onIdle' 
"C:\qp\qpn\include\qepn.h" 585 1 Info 757: global declarator 'QP_versionStr' (line 585, file C:\qp\qpn\include\qepn.h) not referenced
 Note 960: Violates MISRA 2004 Required Rule 8.9, undefined symbol: 'QP_versionStr' 
"C:\qp\qpn\include\qfn.h" 452 1 Warning 526: Symbol 'QF_active' (line 452, file C:\qp\qpn\include\qfn.h) not defined
"C:\qp\qpn\include\qfn.h" 456 1 Warning 526: Symbol 'QF_readySet_' (line 456, file C:\qp\qpn\include\qfn.h) not defined
"C:\qp\qpn\source\qvn.c" 63 1 Info 714: Symbol 'QF_run(void)' (line 63, file C:\qp\qpn\source\qvn.c) not referenced
"C:\qp\qpn\include\qvn.h" 57 1 Info 757: global declarator 'QV_readySet_' (line 57, file C:\qp\qpn\include\qvn.h) not referenced
 Note 960: Violates MISRA 2004 Required Rule 8.9, undefined symbol: 'QV_readySet_' 
"C:\qp\qpn\include\qfn.h" 232 1 Info 756: global typedef 'QActiveVtbl' (line 232, file C:\qp\qpn\include\qfn.h) not referenced
"C:\qp\qpn\include\qfn.h" 382 1 Info 757: global declarator 'QActive_armX(QMActive *, uint_fast8_t, QTimeEvtCtr, QTimeEvtCtr)' (line 382, file C:\qp\qpn\include\qfn.h) not referenced
 Note 960: Violates MISRA 2004 Required Rule 8.9, undefined symbol: 'QActive_armX' 
"C:\qp\qpn\include\qfn.h" 238 1 Info 757: global declarator 'QActive_ctor(QActive *, QStateHandler)' (line 238, file C:\qp\qpn\include\qfn.h) not referenced
 Note 960: Violates MISRA 2004 Required Rule 8.9, undefined symbol: 'QActive_ctor' 
"C:\qp\qpn\include\qfn.h" 345 1 Info 757: global declarator 'QActive_postXISR_(QMActive *, uint_fast8_t, enum_t, QParam)' (line 345, file C:\qp\qpn\include\qfn.h) not referenced
 Note 960: Violates MISRA 2004 Required Rule 8.9, undefined symbol: 'QActive_postXISR_' 
"C:\qp\qpn\include\qfn.h" 391 1 Info 757: global declarator 'QActive_disarmX(QMActive *, uint_fast8_t)' (line 391, file C:\qp\qpn\include\qfn.h) not referenced
 Note 960: Violates MISRA 2004 Required Rule 8.9, undefined symbol: 'QActive_disarmX' 
"C:\qp\qpn\include\qfn.h" 341 1 Info 757: global declarator 'QActive_postX_(QMActive *, uint_fast8_t, enum_t, QParam)' (line 341, file C:\qp\qpn\include\qfn.h) not referenced
 Note 960: Violates MISRA 2004 Required Rule 8.9, undefined symbol: 'QActive_postX_' 
"C:\qp\qpn\include\qfn.h" 415 1 Info 757: global declarator 'QF_stop(void)' (line 415, file C:\qp\qpn\include\qfn.h) not referenced
 Note 960: Violates MISRA 2004 Required Rule 8.9, undefined symbol: 'QF_stop' 
"C:\qp\qpn\include\qepn.h" 336 1 Info 757: global declarator 'QHsm_childState(QHsm *, QStateHandler)' (line 336, file C:\qp\qpn\include\qepn.h) not referenced
 Note 960: Violates MISRA 2004 Required Rule 8.9, undefined symbol: 'QHsm_childState' 
"C:\qp\qpn\include\qepn.h" 325 1 Info 757: global declarator 'QHsm_ctor(QHsm *, QStateHandler)' (line 325, file C:\qp\qpn\include\qepn.h) not referenced
 Note 960: Violates MISRA 2004 Required Rule 8.9, undefined symbol: 'QHsm_ctor' 
"C:\qp\qpn\include\qepn.h" 343 1 Info 757: global declarator 'QHsm_dispatch_(QHsm *)' (line 343, file C:\qp\qpn\include\qepn.h) not referenced
 Note 960: Violates MISRA 2004 Required Rule 8.9, undefined symbol: 'QHsm_dispatch_' 
"C:\qp\qpn\include\qepn.h" 340 1 Info 757: global declarator 'QHsm_init_(QHsm *)' (line 340, file C:\qp\qpn\include\qepn.h) not referenced
 Note 960: Violates MISRA 2004 Required Rule 8.9, undefined symbol: 'QHsm_init_' 
"C:\qp\qpn\include\qepn.h" 346 1 Info 757: global declarator 'QHsm_top(const void *)' (line 346, file C:\qp\qpn\include\qepn.h) not referenced
 Note 960: Violates MISRA 2004 Required Rule 8.9, undefined symbol: 'QHsm_top' 
"C:\qp\qpn\include\qfn.h" 378 1 Info 757: global declarator 'QF_tickXISR(uint_fast8_t)' (line 378, file C:\qp\qpn\include\qfn.h) not referenced
 Note 960: Violates MISRA 2004 Required Rule 8.9, undefined symbol: 'QF_tickXISR' 
"C:\qp\qpn\include\qfn.h" 472 1 Info 757: global declarator 'QF_timerSetX_' (line 472, file C:\qp\qpn\include\qfn.h) not referenced
 Note 960: Violates MISRA 2004 Required Rule 8.9, undefined symbol: 'QF_timerSetX_' 
"C:\qp\qpn\ports\lint\qvn\qfn_port.h" 69 1 Warning 526: Symbol 'int_disable(void)' (line 69, file C:\qp\qpn\ports\lint\qvn\qfn_port.h) not defined
 Note 960: Violates MISRA 2004 Required Rule 8.9, undefined symbol: 'int_disable' 
"C:\qp\qpn\ports\lint\qvn\qfn_port.h" 70 1 Warning 526: Symbol 'int_enable(void)' (line 70, file C:\qp\qpn\ports\lint\qvn\qfn_port.h) not defined
 Note 960: Violates MISRA 2004 Required Rule 8.9, undefined symbol: 'int_enable' 
"C:\qp\qpn\ports\lint\stdint.h" 36 1 Info 756: global typedef 'int_fast16_t' (line 36, file C:\qp\qpn\ports\lint\stdint.h) not referenced
"C:\qp\qpn\ports\lint\stdint.h" 38 1 Info 756: global typedef 'int_fast32_t' (line 38, file C:\qp\qpn\ports\lint\stdint.h) not referenced
"C:\qp\qpn\ports\lint\stdint.h" 34 1 Info 756: global typedef 'int_fast8_t' (line 34, file C:\qp\qpn\ports\lint\stdint.h) not referenced
"C:\qp\qpn\ports\lint\stdint.h" 24 1 Info 756: global typedef 'int16_t' (line 24, file C:\qp\qpn\ports\lint\stdint.h) not referenced
"C:\qp\qpn\include\qassert.h" 223 1 Warning 526: Symbol 'Q_onAssert(const char_t *, int_t)' (line 223, file C:\qp\qpn\include\qassert.h) not defined
 Note 960: Violates MISRA 2004 Required Rule 8.9, undefined symbol: 'Q_onAssert' 
"C:\qp\qpn\ports\lint\stdint.h" 25 1 Info 756: global typedef 'int32_t' (line 25, file C:\qp\qpn\ports\lint\stdint.h) not referenced
"C:\qp\qpn\include\qepn.h" 286 1 Info 757: global declarator 'QMsm_childStateObj(const QMsm *, const struct QMState *)' (line 286, file C:\qp\qpn\include\qepn.h) not referenced
 Note 960: Violates MISRA 2004 Required Rule 8.9, undefined symbol: 'QMsm_childStateObj' 
"C:\qp\qpn\include\qepn.h" 279 1 Info 757: global declarator 'QMsm_ctor(QMsm *, QStateHandler)' (line 279, file C:\qp\qpn\include\qepn.h) not referenced
 Note 960: Violates MISRA 2004 Required Rule 8.9, undefined symbol: 'QMsm_ctor' 
"C:\qp\qpn\include\qepn.h" 291 1 Info 757: global declarator 'QMsm_init_(QMsm *)' (line 291, file C:\qp\qpn\include\qepn.h) not referenced
 Note 960: Violates MISRA 2004 Required Rule 8.9, undefined symbol: 'QMsm_init_' 
"C:\qp\qpn\include\qepn.h" 294 1 Info 757: global declarator 'QMsm_dispatch_(QMsm *)' (line 294, file C:\qp\qpn\include\qepn.h) not referenced
 Note 960: Violates MISRA 2004 Required Rule 8.9, undefined symbol: 'QMsm_dispatch_' 
"C:\qp\qpn\include\qfn.h" 405 1 Info 757: global declarator 'QF_init(void)' (line 405, file C:\qp\qpn\include\qfn.h) not referenced
 Note 960: Violates MISRA 2004 Required Rule 8.9, undefined symbol: 'QF_init' 
"C:\qp\qpn\include\qfn.h" 478 1 Warning 526: Symbol 'QF_invPow2Lkup' (line 478, file C:\qp\qpn\include\qfn.h) not defined
"C:\qp\qpn\ports\lint\stdbool.h" 17 1 Info 755: global macro 'true' (line 17, file C:\qp\qpn\ports\lint\stdbool.h) not referenced
"C:\qp\qpn\include\qepn.h" 389 1 Info 755: global macro 'Q_MSM_UPCAST' (line 389, file C:\qp\qpn\include\qepn.h) not referenced
"C:\qp\qpn\include\qepn.h" 458 1 Info 755: global macro 'QM_SUPER' (line 458, file C:\qp\qpn\include\qepn.h) not referenced
"C:\qp\qpn\include\qepn.h" 427 1 Info 755: global macro 'QM_TRAN' (line 427, file C:\qp\qpn\include\qepn.h) not referenced
"C:\qp\qpn\include\qepn.h" 434 1 Info 755: global macro 'QM_TRAN_INIT' (line 434, file C:\qp\qpn\include\qepn.h) not referenced
"C:\qp\qpn\include\qepn.h" 442 1 Info 755: global macro 'QM_TRAN_HIST' (line 442, file C:\qp\qpn\include\qepn.h) not referenced
"C:\qp\qpn\include\qepn.h" 65 1 Info 755: global macro 'QP_RELEASE' (line 65, file C:\qp\qpn\include\qepn.h) not referenced
"C:\qp\qpn\include\qepn.h" 415 1 Info 755: global macro 'QM_ENTRY' (line 415, file C:\qp\qpn\include\qepn.h) not referenced
"C:\qp\qpn\include\qepn.h" 420 1 Info 755: global macro 'QM_EXIT' (line 420, file C:\qp\qpn\include\qepn.h) not referenced
"C:\qp\qpn\include\qepn.h" 453 1 Info 755: global macro 'QM_UNHANDLED' (line 453, file C:\qp\qpn\include\qepn.h) not referenced
"C:\qp\qpn\include\qepn.h" 494 1 Info 755: global macro 'Q_UNHANDLED' (line 494, file C:\qp\qpn\include\qepn.h) not referenced
"C:\qp\qpn\include\qassert.h" 256 1 Info 755: global macro 'Q_ENSURE' (line 256, file C:\qp\qpn\include\qassert.h) not referenced
"C:\qp\qpn\include\qassert.h" 267 1 Info 755: global macro 'Q_ENSURE_ID' (line 267, file C:\qp\qpn\include\qassert.h) not referenced
"C:\qp\qpn\include\qepn.h" 410 1 Info 755: global macro 'Q_ACTION_CAST' (line 410, file C:\qp\qpn\include\qepn.h) not referenced
"C:\qp\qpn\include\qassert.h" 112 1 Info 755: global macro 'Q_ASSERT' (line 112, file C:\qp\qpn\include\qassert.h) not referenced
"C:\qp\qpn\include\qassert.h" 301 1 Info 755: global macro 'Q_ASSERT_COMPILE' (line 301, file C:\qp\qpn\include\qassert.h) not referenced
"C:\qp\qpn\include\qepn.h" 447 1 Info 755: global macro 'QM_HANDLED' (line 447, file C:\qp\qpn\include\qepn.h) not referenced
"C:\qp\qpn\ports\lint\stdbool.h" 18 1 Info 755: global macro 'false' (line 18, file C:\qp\qpn\ports\lint\stdbool.h) not referenced
"C:\qp\qpn\include\qepn.h" 59 1 Info 755: global macro 'QP_VERSION' (line 59, file C:\qp\qpn\include\qepn.h) not referenced
"C:\qp\qpn\include\qepn.h" 62 1 Info 755: global macro 'QP_VERSION_STR' (line 62, file C:\qp\qpn\include\qepn.h) not referenced
"C:\qp\qpn\include\qepn.h" 465 1 Info 755: global macro 'Q_TRAN' (line 465, file C:\qp\qpn\include\qepn.h) not referenced
"C:\qp\qpn\include\qepn.h" 474 1 Info 755: global macro 'Q_TRAN_HIST' (line 474, file C:\qp\qpn\include\qepn.h) not referenced
"C:\qp\qpn\include\qepn.h" 401 1 Info 755: global macro 'Q_STATE_CAST' (line 401, file C:\qp\qpn\include\qepn.h) not referenced
"C:\qp\qpn\include\qfn.h" 500 1 Info 755: global macro 'QF_ACTIVE_CAST' (line 500, file C:\qp\qpn\include\qfn.h) not referenced
"C:\qp\qpn\include\qepn.h" 588 1 Info 755: global macro 'QP_getVersion' (line 588, file C:\qp\qpn\include\qepn.h) not referenced
"C:\qp\qpn\include\qassert.h" 171 1 Info 755: global macro 'Q_ERROR' (line 171, file C:\qp\qpn\include\qassert.h) not referenced
"C:\qp\qpn\include\qassert.h" 187 1 Info 755: global macro 'Q_ERROR_ID' (line 187, file C:\qp\qpn\include\qassert.h) not referenced
"C:\qp\qpn\include\qassert.h" 277 1 Info 755: global macro 'Q_INVARIANT' (line 277, file C:\qp\qpn\include\qassert.h) not referenced
"C:\qp\qpn\include\qassert.h" 288 1 Info 755: global macro 'Q_INVARIANT_ID' (line 288, file C:\qp\qpn\include\qassert.h) not referenced
"C:\qp\qpn\include\qassert.h" 237 1 Info 755: global macro 'Q_REQUIRE' (line 237, file C:\qp\qpn\include\qassert.h) not referenced
"C:\qp\qpn\include\qassert.h" 248 1 Info 755: global macro 'Q_REQUIRE_ID' (line 248, file C:\qp\qpn\include\qassert.h) not referenced
"C:\qp\qpn\include\qepn.h" 483 1 Info 755: global macro 'Q_SUPER' (line 483, file C:\qp\qpn\include\qepn.h) not referenced
"C:\qp\qpn\include\qepn.h" 333 1 Info 755: global macro 'QHsm_state' (line 333, file C:\qp\qpn\include\qepn.h) not referenced
"C:\qp\qpn\include\qfn.h" 264 1 Info 755: global macro 'QACTIVE_POST' (line 264, file C:\qp\qpn\include\qfn.h) not referenced
"C:\qp\qpn\include\qfn.h" 312 1 Info 755: global macro 'QACTIVE_POST_ISR' (line 312, file C:\qp\qpn\include\qfn.h) not referenced
"C:\qp\qpn\include\qfn.h" 290 1 Info 755: global macro 'QACTIVE_POST_X' (line 290, file C:\qp\qpn\include\qfn.h) not referenced
"C:\qp\qpn\include\qfn.h" 338 1 Info 755: global macro 'QACTIVE_POST_X_ISR' (line 338, file C:\qp\qpn\include\qfn.h) not referenced
"C:\qp\qpn\ports\lint\qpn_conf.h" 115 1 Info 755: global macro 'QK_NO_MUTEX' (line 115, file C:\qp\qpn\ports\lint\qpn_conf.h) not referenced
"C:\qp\qpn\ports\lint\qvn\qfn_port.h" 67 1 Info 755: global macro 'QV_CPU_SLEEP' (line 67, file C:\qp\qpn\ports\lint\qvn\qfn_port.h) not referenced
"C:\qp\qpn\include\qepn.h" 488 1 Info 755: global macro 'Q_HANDLED' (line 488, file C:\qp\qpn\include\qepn.h) not referenced
"C:\qp\qpn\include\qassert.h" 80 1 Info 755: global macro 'Q_DEFINE_THIS_FILE' (line 80, file C:\qp\qpn\include\qassert.h) not referenced
"C:\qp\qpn\include\qepn.h" 593 1 Info 755: global macro 'Q_DIM' (line 593, file C:\qp\qpn\include\qepn.h) not referenced
"C:\qp\qpn\include\qassert.h" 146 1 Info 755: global macro 'Q_ALLEGE' (line 146, file C:\qp\qpn\include\qassert.h) not referenced
"C:\qp\qpn\include\qassert.h" 161 1 Info 755: global macro 'Q_ALLEGE_ID' (line 161, file C:\qp\qpn\include\qassert.h) not referenced
"C:\qp\qpn\include\qepn.h" 282 1 Info 755: global macro 'QMsm_stateObj' (line 282, file C:\qp\qpn\include\qepn.h) not referenced
"C:\qp\qpn\include\qepn.h" 517 1 Info 755: global macro 'Q_UINT2PTR_CAST' (line 517, file C:\qp\qpn\include\qepn.h) not referenced
"C:\qp\qpn\ports\lint\stdbool.h" 22 1 Info 755: global macro '__bool_true_false_are_defined' (line 22, file C:\qp\qpn\ports\lint\stdbool.h) not referenced
"C:\qp\qpn\include\qepn.h" 353 1 Info 758: global enum '(untagged)' (line 353, file C:\qp\qpn\include\qepn.h) not referenced
"C:\qp\qpn\include\qepn.h" 498 1 Info 758: global enum '(untagged)' (line 498, file C:\qp\qpn\include\qepn.h) not referenced
"C:\qp\qpn\include\qepn.h" 166 1 Info 768: global struct member 'QMState::superstate' (line 166, file C:\qp\qpn\include\qepn.h) not referenced
"C:\qp\qpn\include\qepn.h" 167 1 Info 768: global struct member 'QMState::stateHandler' (line 167, file C:\qp\qpn\include\qepn.h) not referenced
"C:\qp\qpn\include\qepn.h" 168 1 Info 768: global struct member 'QMState::entryAction' (line 168, file C:\qp\qpn\include\qepn.h) not referenced
"C:\qp\qpn\include\qepn.h" 169 1 Info 768: global struct member 'QMState::exitAction' (line 169, file C:\qp\qpn\include\qepn.h) not referenced
"C:\qp\qpn\include\qepn.h" 170 1 Info 768: global struct member 'QMState::initAction' (line 170, file C:\qp\qpn\include\qepn.h) not referenced
"C:\qp\qpn\include\qepn.h" 175 1 Info 768: global struct member 'QMTranActTable::target' (line 175, file C:\qp\qpn\include\qepn.h) not referenced
"C:\qp\qpn\include\qepn.h" 176 1 Info 768: global struct member 'QMTranActTable::act' (line 176, file C:\qp\qpn\include\qepn.h) not referenced
"C:\qp\qpn\include\qepn.h" 186 1 Info 768: global struct member 'QMAttr::obj' (line 186, file C:\qp\qpn\include\qepn.h) not referenced
"C:\qp\qpn\include\qepn.h" 187 1 Info 768: global struct member 'QMAttr::tatbl' (line 187, file C:\qp\qpn\include\qepn.h) not referenced
"C:\qp\qpn\include\qepn.h" 188 1 Info 768: global struct member 'QMAttr::fun' (line 188, file C:\qp\qpn\include\qepn.h) not referenced
"C:\qp\qpn\include\qepn.h" 189 1 Info 768: global struct member 'QMAttr::act' (line 189, file C:\qp\qpn\include\qepn.h) not referenced
"C:\qp\qpn\include\qepn.h" 238 1 Info 768: global struct member 'QMsm::state' (line 238, file C:\qp\qpn\include\qepn.h) not referenced
"C:\qp\qpn\include\qepn.h" 239 1 Info 768: global struct member 'QMsm::temp' (line 239, file C:\qp\qpn\include\qepn.h) not referenced
"C:\qp\qpn\include\qepn.h" 355 1 Info 769: global enumeration constant 'Q_RET_SUPER' (line 355, file C:\qp\qpn\include\qepn.h) not referenced
"C:\qp\qpn\include\qepn.h" 356 1 Info 769: global enumeration constant 'Q_RET_SUPER_SUB' (line 356, file C:\qp\qpn\include\qepn.h) not referenced
"C:\qp\qpn\include\qepn.h" 357 1 Info 769: global enumeration constant 'Q_RET_UNHANDLED' (line 357, file C:\qp\qpn\include\qepn.h) not referenced
"C:\qp\qpn\include\qepn.h" 360 1 Info 769: global enumeration constant 'Q_RET_HANDLED' (line 360, file C:\qp\qpn\include\qepn.h) not referenced
"C:\qp\qpn\include\qepn.h" 361 1 Info 769: global enumeration constant 'Q_RET_IGNORED' (line 361, file C:\qp\qpn\include\qepn.h) not referenced
"C:\qp\qpn\include\qepn.h" 364 1 Info 769: global enumeration constant 'Q_RET_ENTRY' (line 364, file C:\qp\qpn\include\qepn.h) not referenced
"C:\qp\qpn\include\qepn.h" 365 1 Info 769: global enumeration constant 'Q_RET_EXIT' (line 365, file C:\qp\qpn\include\qepn.h) not referenced
"C:\qp\qpn\include\qepn.h" 368 1 Info 769: global enumeration constant 'Q_RET_NULL' (line 368, file C:\qp\qpn\include\qepn.h) not referenced
"C:\qp\qpn\include\qepn.h" 371 1 Info 769: global enumeration constant 'Q_RET_TRAN' (line 371, file C:\qp\qpn\include\qepn.h) not referenced
"C:\qp\qpn\include\qepn.h" 372 1 Info 769: global enumeration constant 'Q_RET_TRAN_INIT' (line 372, file C:\qp\qpn\include\qepn.h) not referenced
"C:\qp\qpn\include\qepn.h" 373 1 Info 769: global enumeration constant 'Q_RET_TRAN_HIST' (line 373, file C:\qp\qpn\include\qepn.h) not referenced
"C:\qp\qpn\include\qepn.h" 499 1 Info 769: global enumeration constant 'Q_ENTRY_SIG' (line 499, file C:\qp\qpn\include\qepn.h) not referenced
"C:\qp\qpn\include\qepn.h" 500 1 Info 769: global enumeration constant 'Q_EXIT_SIG' (line 500, file C:\qp\qpn\include\qepn.h) not referenced
"C:\qp\qpn\include\qepn.h" 501 1 Info 769: global enumeration constant 'Q_INIT_SIG' (line 501, file C:\qp\qpn\include\qepn.h) not referenced
"C:\qp\qpn\include\qepn.h" 502 1 Info 769: global enumeration constant 'Q_TIMEOUT_SIG' (line 502, file C:\qp\qpn\include\qepn.h) not referenced
"C:\qp\qpn\include\qepn.h" 503 1 Info 769: global enumeration constant 'Q_TIMEOUT1_SIG' (line 503, file C:\qp\qpn\include\qepn.h) not referenced
"C:\qp\qpn\include\qepn.h" 504 1 Info 769: global enumeration constant 'Q_TIMEOUT2_SIG' (line 504, file C:\qp\qpn\include\qepn.h) not referenced
"C:\qp\qpn\include\qepn.h" 505 1 Info 769: global enumeration constant 'Q_TIMEOUT3_SIG' (line 505, file C:\qp\qpn\include\qepn.h) not referenced
"C:\qp\qpn\include\qepn.h" 506 1 Info 769: global enumeration constant 'Q_USER_SIG' (line 506, file C:\qp\qpn\include\qepn.h) not referenced
"C:\qp\qpn\include\qfn.h" 90 1 Info 768: global struct member 'QTimer::nTicks' (line 90, file C:\qp\qpn\include\qfn.h) not referenced
"C:\qp\qpn\include\qfn.h" 92 1 Info 768: global struct member 'QTimer::interval' (line 92, file C:\qp\qpn\include\qfn.h) not referenced
"C:\qp\qpn\include\qfn.h" 132 1 Info 768: global struct member 'QMActive::tickCtr' (line 132, file C:\qp\qpn\include\qfn.h) not referenced
"C:\qp\qpn\include\qfn.h" 139 1 Info 768: global struct member 'QMActive::head' (line 139, file C:\qp\qpn\include\qfn.h) not referenced
"C:\qp\qpn\include\qfn.h" 153 1 Info 768: global struct member 'QMActiveVtbl::super' (line 153, file C:\qp\qpn\include\qfn.h) not referenced
"C:\qp\qpn\include\qfn.h" 161 1 Info 768: global struct member 'QMActiveVtbl::post' (line 161, file C:\qp\qpn\include\qfn.h) not referenced
"C:\qp\qpn\include\qfn.h" 168 1 Info 768: global struct member 'QMActiveVtbl::postISR' (line 168, file C:\qp\qpn\include\qfn.h) not referenced

Count   Type    Number  Text

9       Warning 526     Symbol '___' (___) not defined
1       Info    714     Symbol '___' (___) not referenced
47      Info    755     global macro '___' (___) not referenced
14      Info    756     global typedef '___' (___) not referenced
21      Info    757     global declarator '___' (___) not referenced
2       Info    758     global ___ '___' (___) not referenced
20      Info    768     global struct member '___' (___) not referenced
19      Info    769     global enumeration constant '___' (___) not referenced
26      Note    960     Violates MISRA 2004 Required Rule ___, ___
